<?xml version="1.0" encoding="UTF-8"?>
<testng-results ignored="0" total="2" passed="2" failed="0" skipped="0">
  <reporter-output>
    <line>
      <![CDATA[2022-07-14T22:16:05.127561400: starting WebDriver]]>
    </line>
    <line>
      <![CDATA[Agile]]>
    </line>
    <line>
      <![CDATA[Software]]>
    </line>
    <line>
      <![CDATA[98]]>
    </line>
    <line>
      <![CDATA[97]]>
    </line>
    <line>
      <![CDATA[Software]]>
    </line>
    <line>
      <![CDATA[Agile]]>
    </line>
    <line>
      <![CDATA[94]]>
    </line>
    <line>
      <![CDATA[Software]]>
    </line>
    <line>
      <![CDATA[92]]>
    </line>
    <line>
      <![CDATA[91]]>
    </line>
    <line>
      <![CDATA[Testing]]>
    </line>
    <line>
      <![CDATA[89]]>
    </line>
    <line>
      <![CDATA[88]]>
    </line>
    <line>
      <![CDATA[Software]]>
    </line>
    <line>
      <![CDATA[86]]>
    </line>
    <line>
      <![CDATA[Agile]]>
    </line>
    <line>
      <![CDATA[Software]]>
    </line>
    <line>
      <![CDATA[83]]>
    </line>
    <line>
      <![CDATA[82]]>
    </line>
    <line>
      <![CDATA[Software]]>
    </line>
    <line>
      <![CDATA[Agile]]>
    </line>
    <line>
      <![CDATA[79]]>
    </line>
    <line>
      <![CDATA[Software]]>
    </line>
    <line>
      <![CDATA[77]]>
    </line>
    <line>
      <![CDATA[76]]>
    </line>
    <line>
      <![CDATA[Testing]]>
    </line>
    <line>
      <![CDATA[74]]>
    </line>
    <line>
      <![CDATA[73]]>
    </line>
    <line>
      <![CDATA[Software]]>
    </line>
    <line>
      <![CDATA[71]]>
    </line>
    <line>
      <![CDATA[Agile]]>
    </line>
    <line>
      <![CDATA[Software]]>
    </line>
    <line>
      <![CDATA[68]]>
    </line>
    <line>
      <![CDATA[67]]>
    </line>
    <line>
      <![CDATA[Software]]>
    </line>
    <line>
      <![CDATA[Agile]]>
    </line>
    <line>
      <![CDATA[64]]>
    </line>
    <line>
      <![CDATA[Software]]>
    </line>
    <line>
      <![CDATA[62]]>
    </line>
    <line>
      <![CDATA[61]]>
    </line>
    <line>
      <![CDATA[Testing]]>
    </line>
    <line>
      <![CDATA[59]]>
    </line>
    <line>
      <![CDATA[58]]>
    </line>
    <line>
      <![CDATA[Software]]>
    </line>
    <line>
      <![CDATA[56]]>
    </line>
    <line>
      <![CDATA[Agile]]>
    </line>
    <line>
      <![CDATA[Software]]>
    </line>
    <line>
      <![CDATA[53]]>
    </line>
    <line>
      <![CDATA[52]]>
    </line>
    <line>
      <![CDATA[Software]]>
    </line>
    <line>
      <![CDATA[Agile]]>
    </line>
    <line>
      <![CDATA[49]]>
    </line>
    <line>
      <![CDATA[Software]]>
    </line>
    <line>
      <![CDATA[47]]>
    </line>
    <line>
      <![CDATA[46]]>
    </line>
    <line>
      <![CDATA[Testing]]>
    </line>
    <line>
      <![CDATA[44]]>
    </line>
    <line>
      <![CDATA[43]]>
    </line>
    <line>
      <![CDATA[Software]]>
    </line>
    <line>
      <![CDATA[41]]>
    </line>
    <line>
      <![CDATA[Agile]]>
    </line>
    <line>
      <![CDATA[Software]]>
    </line>
    <line>
      <![CDATA[38]]>
    </line>
    <line>
      <![CDATA[37]]>
    </line>
    <line>
      <![CDATA[Software]]>
    </line>
    <line>
      <![CDATA[Agile]]>
    </line>
    <line>
      <![CDATA[34]]>
    </line>
    <line>
      <![CDATA[Software]]>
    </line>
    <line>
      <![CDATA[32]]>
    </line>
    <line>
      <![CDATA[31]]>
    </line>
    <line>
      <![CDATA[Testing]]>
    </line>
    <line>
      <![CDATA[29]]>
    </line>
    <line>
      <![CDATA[28]]>
    </line>
    <line>
      <![CDATA[Software]]>
    </line>
    <line>
      <![CDATA[26]]>
    </line>
    <line>
      <![CDATA[Agile]]>
    </line>
    <line>
      <![CDATA[Software]]>
    </line>
    <line>
      <![CDATA[23]]>
    </line>
    <line>
      <![CDATA[22]]>
    </line>
    <line>
      <![CDATA[Software]]>
    </line>
    <line>
      <![CDATA[Agile]]>
    </line>
    <line>
      <![CDATA[19]]>
    </line>
    <line>
      <![CDATA[Software]]>
    </line>
    <line>
      <![CDATA[17]]>
    </line>
    <line>
      <![CDATA[16]]>
    </line>
    <line>
      <![CDATA[Testing]]>
    </line>
    <line>
      <![CDATA[14]]>
    </line>
    <line>
      <![CDATA[13]]>
    </line>
    <line>
      <![CDATA[Software]]>
    </line>
    <line>
      <![CDATA[11]]>
    </line>
    <line>
      <![CDATA[Agile]]>
    </line>
    <line>
      <![CDATA[Software]]>
    </line>
    <line>
      <![CDATA[8]]>
    </line>
    <line>
      <![CDATA[7]]>
    </line>
    <line>
      <![CDATA[Software]]>
    </line>
    <line>
      <![CDATA[Agile]]>
    </line>
    <line>
      <![CDATA[4]]>
    </line>
    <line>
      <![CDATA[Software]]>
    </line>
    <line>
      <![CDATA[2]]>
    </line>
    <line>
      <![CDATA[1]]>
    </line>
    <line>
      <![CDATA[2022-07-14T22:16:10.622537900: navigate to page: https://alza.sk]]>
    </line>
    <line>
      <![CDATA[2022-07-14T22:16:14.061680600Waiting for element: By.xpath: //a[contains(@class,'accept')]]]>
    </line>
    <line>
      <![CDATA[2022-07-14T22:16:14.086227100Clicking at element: By.xpath: //a[contains(@class,'accept')]]]>
    </line>
    <line>
      <![CDATA[2022-07-14T22:16:14.181929600: navigate Smart devices and Phones]]>
    </line>
    <line>
      <![CDATA[2022-07-14T22:16:14.181929600Waiting for element: By.xpath: //a[@href='/mobily-smart-hodinky-tablety']]]>
    </line>
    <line>
      <![CDATA[2022-07-14T22:16:14.226834600Clicking at element: By.xpath: //a[@href='/mobily-smart-hodinky-tablety']]]>
    </line>
    <line>
      <![CDATA[2022-07-14T22:16:15.230252700Waiting for element: By.xpath: //div[@class='category-tree']//a[contains(@href,'/mobily/')]]]>
    </line>
    <line>
      <![CDATA[2022-07-14T22:16:15.373137400Clicking at element: By.xpath: //div[@class='category-tree']//a[contains(@href,'/mobily/')]]]>
    </line>
    <line>
      <![CDATA[2022-07-14T22:16:17.478989900: open most expensive products]]>
    </line>
    <line>
      <![CDATA[2022-07-14T22:16:17.480138600Waiting for element: By.xpath: //a[@href='#cenadesc']]]>
    </line>
    <line>
      <![CDATA[2022-07-14T22:16:17.743770700Clicking at element: By.xpath: //a[@href='#cenadesc']]]>
    </line>
    <line>
      <![CDATA[2022-07-14T22:16:17.895263100Waiting for element: By.xpath: //div[@id='boxes']/div]]>
    </line>
    <line>
      <![CDATA[2022-07-14T22:16:17.997560800: adding product to basket]]>
    </line>
    <line>
      <![CDATA[2022-07-14T22:16:17.997560800 Wait for Web Element to be Clickable, max : 10 s]]>
    </line>
    <line>
      <![CDATA[2022-07-14T22:16:20.948398800Clicking at element: By.xpath: //div[@id='boxes']/div[1]//a[@data-lb-action]]]>
    </line>
    <line>
      <![CDATA[2022-07-14T22:16:24.590807500: adding product to basket]]>
    </line>
    <line>
      <![CDATA[2022-07-14T22:16:24.590807500 Wait for Web Element to be Clickable, max : 10 s]]>
    </line>
    <line>
      <![CDATA[2022-07-14T22:16:25.969885300Clicking at element: By.xpath: //div[@id='boxes']/div[2]//a[@data-lb-action]]]>
    </line>
    <line>
      <![CDATA[2022-07-14T22:16:27.731253400: navigate Smart devices and Phones]]>
    </line>
    <line>
      <![CDATA[2022-07-14T22:16:27.731753200Clicking at element: By.xpath: //div[@id='basket']]]>
    </line>
    <line>
      <![CDATA[2022-07-14T22:16:28.763780100Waiting for element: By.xpath: //div[@id='orderpage']]]>
    </line>
    <line>
      <![CDATA[2022-07-14T22:16:28.991700900: closing WebDriver]]>
    </line>
  </reporter-output>
  <suite started-at="2022-07-14T22:16:05 CEST" name="PracticeSuite" finished-at="2022-07-14T22:16:33 CEST" duration-ms="28211">
    <groups>
    </groups>
    <test started-at="2022-07-14T22:16:05 CEST" name="PractiseExercises" finished-at="2022-07-14T22:16:33 CEST" duration-ms="28211">
      <class name="PracticeTest">
        <test-method is-config="true" signature="setup()[pri:0, instance:PracticeTest@2d2ffcb7]" started-at="2022-07-14T22:16:05 CEST" name="setup" finished-at="2022-07-14T22:16:10 CEST" duration-ms="5456" status="PASS">
          <reporter-output>
            <line>
              <![CDATA[2022-07-14T22:16:05.127561400: starting WebDriver]]>
            </line>
          </reporter-output>
        </test-method> <!-- setup -->
        <test-method signature="exercise_1()[pri:0, instance:PracticeTest@2d2ffcb7]" started-at="2022-07-14T22:16:10 CEST" name="exercise_1" finished-at="2022-07-14T22:16:10 CEST" duration-ms="4" status="PASS">
          <reporter-output>
            <line>
              <![CDATA[Agile]]>
            </line>
            <line>
              <![CDATA[Software]]>
            </line>
            <line>
              <![CDATA[98]]>
            </line>
            <line>
              <![CDATA[97]]>
            </line>
            <line>
              <![CDATA[Software]]>
            </line>
            <line>
              <![CDATA[Agile]]>
            </line>
            <line>
              <![CDATA[94]]>
            </line>
            <line>
              <![CDATA[Software]]>
            </line>
            <line>
              <![CDATA[92]]>
            </line>
            <line>
              <![CDATA[91]]>
            </line>
            <line>
              <![CDATA[Testing]]>
            </line>
            <line>
              <![CDATA[89]]>
            </line>
            <line>
              <![CDATA[88]]>
            </line>
            <line>
              <![CDATA[Software]]>
            </line>
            <line>
              <![CDATA[86]]>
            </line>
            <line>
              <![CDATA[Agile]]>
            </line>
            <line>
              <![CDATA[Software]]>
            </line>
            <line>
              <![CDATA[83]]>
            </line>
            <line>
              <![CDATA[82]]>
            </line>
            <line>
              <![CDATA[Software]]>
            </line>
            <line>
              <![CDATA[Agile]]>
            </line>
            <line>
              <![CDATA[79]]>
            </line>
            <line>
              <![CDATA[Software]]>
            </line>
            <line>
              <![CDATA[77]]>
            </line>
            <line>
              <![CDATA[76]]>
            </line>
            <line>
              <![CDATA[Testing]]>
            </line>
            <line>
              <![CDATA[74]]>
            </line>
            <line>
              <![CDATA[73]]>
            </line>
            <line>
              <![CDATA[Software]]>
            </line>
            <line>
              <![CDATA[71]]>
            </line>
            <line>
              <![CDATA[Agile]]>
            </line>
            <line>
              <![CDATA[Software]]>
            </line>
            <line>
              <![CDATA[68]]>
            </line>
            <line>
              <![CDATA[67]]>
            </line>
            <line>
              <![CDATA[Software]]>
            </line>
            <line>
              <![CDATA[Agile]]>
            </line>
            <line>
              <![CDATA[64]]>
            </line>
            <line>
              <![CDATA[Software]]>
            </line>
            <line>
              <![CDATA[62]]>
            </line>
            <line>
              <![CDATA[61]]>
            </line>
            <line>
              <![CDATA[Testing]]>
            </line>
            <line>
              <![CDATA[59]]>
            </line>
            <line>
              <![CDATA[58]]>
            </line>
            <line>
              <![CDATA[Software]]>
            </line>
            <line>
              <![CDATA[56]]>
            </line>
            <line>
              <![CDATA[Agile]]>
            </line>
            <line>
              <![CDATA[Software]]>
            </line>
            <line>
              <![CDATA[53]]>
            </line>
            <line>
              <![CDATA[52]]>
            </line>
            <line>
              <![CDATA[Software]]>
            </line>
            <line>
              <![CDATA[Agile]]>
            </line>
            <line>
              <![CDATA[49]]>
            </line>
            <line>
              <![CDATA[Software]]>
            </line>
            <line>
              <![CDATA[47]]>
            </line>
            <line>
              <![CDATA[46]]>
            </line>
            <line>
              <![CDATA[Testing]]>
            </line>
            <line>
              <![CDATA[44]]>
            </line>
            <line>
              <![CDATA[43]]>
            </line>
            <line>
              <![CDATA[Software]]>
            </line>
            <line>
              <![CDATA[41]]>
            </line>
            <line>
              <![CDATA[Agile]]>
            </line>
            <line>
              <![CDATA[Software]]>
            </line>
            <line>
              <![CDATA[38]]>
            </line>
            <line>
              <![CDATA[37]]>
            </line>
            <line>
              <![CDATA[Software]]>
            </line>
            <line>
              <![CDATA[Agile]]>
            </line>
            <line>
              <![CDATA[34]]>
            </line>
            <line>
              <![CDATA[Software]]>
            </line>
            <line>
              <![CDATA[32]]>
            </line>
            <line>
              <![CDATA[31]]>
            </line>
            <line>
              <![CDATA[Testing]]>
            </line>
            <line>
              <![CDATA[29]]>
            </line>
            <line>
              <![CDATA[28]]>
            </line>
            <line>
              <![CDATA[Software]]>
            </line>
            <line>
              <![CDATA[26]]>
            </line>
            <line>
              <![CDATA[Agile]]>
            </line>
            <line>
              <![CDATA[Software]]>
            </line>
            <line>
              <![CDATA[23]]>
            </line>
            <line>
              <![CDATA[22]]>
            </line>
            <line>
              <![CDATA[Software]]>
            </line>
            <line>
              <![CDATA[Agile]]>
            </line>
            <line>
              <![CDATA[19]]>
            </line>
            <line>
              <![CDATA[Software]]>
            </line>
            <line>
              <![CDATA[17]]>
            </line>
            <line>
              <![CDATA[16]]>
            </line>
            <line>
              <![CDATA[Testing]]>
            </line>
            <line>
              <![CDATA[14]]>
            </line>
            <line>
              <![CDATA[13]]>
            </line>
            <line>
              <![CDATA[Software]]>
            </line>
            <line>
              <![CDATA[11]]>
            </line>
            <line>
              <![CDATA[Agile]]>
            </line>
            <line>
              <![CDATA[Software]]>
            </line>
            <line>
              <![CDATA[8]]>
            </line>
            <line>
              <![CDATA[7]]>
            </line>
            <line>
              <![CDATA[Software]]>
            </line>
            <line>
              <![CDATA[Agile]]>
            </line>
            <line>
              <![CDATA[4]]>
            </line>
            <line>
              <![CDATA[Software]]>
            </line>
            <line>
              <![CDATA[2]]>
            </line>
            <line>
              <![CDATA[1]]>
            </line>
          </reporter-output>
        </test-method> <!-- exercise_1 -->
        <test-method signature="exercise_2()[pri:0, instance:PracticeTest@2d2ffcb7]" started-at="2022-07-14T22:16:10 CEST" name="exercise_2" finished-at="2022-07-14T22:16:28 CEST" duration-ms="18376" status="PASS">
          <reporter-output>
            <line>
              <![CDATA[2022-07-14T22:16:10.622537900: navigate to page: https://alza.sk]]>
            </line>
            <line>
              <![CDATA[2022-07-14T22:16:14.061680600Waiting for element: By.xpath: //a[contains(@class,'accept')]]]>
            </line>
            <line>
              <![CDATA[2022-07-14T22:16:14.086227100Clicking at element: By.xpath: //a[contains(@class,'accept')]]]>
            </line>
            <line>
              <![CDATA[2022-07-14T22:16:14.181929600: navigate Smart devices and Phones]]>
            </line>
            <line>
              <![CDATA[2022-07-14T22:16:14.181929600Waiting for element: By.xpath: //a[@href='/mobily-smart-hodinky-tablety']]]>
            </line>
            <line>
              <![CDATA[2022-07-14T22:16:14.226834600Clicking at element: By.xpath: //a[@href='/mobily-smart-hodinky-tablety']]]>
            </line>
            <line>
              <![CDATA[2022-07-14T22:16:15.230252700Waiting for element: By.xpath: //div[@class='category-tree']//a[contains(@href,'/mobily/')]]]>
            </line>
            <line>
              <![CDATA[2022-07-14T22:16:15.373137400Clicking at element: By.xpath: //div[@class='category-tree']//a[contains(@href,'/mobily/')]]]>
            </line>
            <line>
              <![CDATA[2022-07-14T22:16:17.478989900: open most expensive products]]>
            </line>
            <line>
              <![CDATA[2022-07-14T22:16:17.480138600Waiting for element: By.xpath: //a[@href='#cenadesc']]]>
            </line>
            <line>
              <![CDATA[2022-07-14T22:16:17.743770700Clicking at element: By.xpath: //a[@href='#cenadesc']]]>
            </line>
            <line>
              <![CDATA[2022-07-14T22:16:17.895263100Waiting for element: By.xpath: //div[@id='boxes']/div]]>
            </line>
            <line>
              <![CDATA[2022-07-14T22:16:17.997560800: adding product to basket]]>
            </line>
            <line>
              <![CDATA[2022-07-14T22:16:17.997560800 Wait for Web Element to be Clickable, max : 10 s]]>
            </line>
            <line>
              <![CDATA[2022-07-14T22:16:20.948398800Clicking at element: By.xpath: //div[@id='boxes']/div[1]//a[@data-lb-action]]]>
            </line>
            <line>
              <![CDATA[2022-07-14T22:16:24.590807500: adding product to basket]]>
            </line>
            <line>
              <![CDATA[2022-07-14T22:16:24.590807500 Wait for Web Element to be Clickable, max : 10 s]]>
            </line>
            <line>
              <![CDATA[2022-07-14T22:16:25.969885300Clicking at element: By.xpath: //div[@id='boxes']/div[2]//a[@data-lb-action]]]>
            </line>
            <line>
              <![CDATA[2022-07-14T22:16:27.731253400: navigate Smart devices and Phones]]>
            </line>
            <line>
              <![CDATA[2022-07-14T22:16:27.731753200Clicking at element: By.xpath: //div[@id='basket']]]>
            </line>
            <line>
              <![CDATA[2022-07-14T22:16:28.763780100Waiting for element: By.xpath: //div[@id='orderpage']]]>
            </line>
          </reporter-output>
        </test-method> <!-- exercise_2 -->
        <test-method is-config="true" signature="tearDown()[pri:0, instance:PracticeTest@2d2ffcb7]" started-at="2022-07-14T22:16:28 CEST" name="tearDown" finished-at="2022-07-14T22:16:33 CEST" duration-ms="4327" status="PASS">
          <reporter-output>
            <line>
              <![CDATA[2022-07-14T22:16:28.991700900: closing WebDriver]]>
            </line>
          </reporter-output>
        </test-method> <!-- tearDown -->
      </class> <!-- PracticeTest -->
    </test> <!-- PractiseExercises -->
  </suite> <!-- PracticeSuite -->
</testng-results>
